<?xml version="1.0" encoding="UTF-8"?>
<testng-results ignored="0" total="3" passed="3" failed="0" skipped="0">
  <reporter-output>
  </reporter-output>
  <suite started-at="2022-10-11T10:44:43 IST" name="Default suite" finished-at="2022-10-11T10:45:37 IST" duration-ms="54477">
    <groups>
    </groups>
    <test started-at="2022-10-11T10:44:43 IST" name="Default test" finished-at="2022-10-11T10:45:37 IST" duration-ms="54477">
      <class name="testng.Demo">
        <test-method signature="tc1(java.lang.String,java.lang.String)[pri:0, instance:testng.Demo@4a22f9e2]" started-at="2022-10-11T10:44:43 IST" name="tc1" data-provider="getData" finished-at="2022-10-11T10:45:02 IST" duration-ms="19569" status="PASS">
          <params>
            <param index="0">
              <value>
                <![CDATA[1234777772]]>
              </value>
            </param>
            <param index="1">
              <value>
                <![CDATA[1234566565]]>
              </value>
            </param>
          </params>
          <reporter-output>
          </reporter-output>
        </test-method> <!-- tc1 -->
        <test-method signature="tc1(java.lang.String,java.lang.String)[pri:0, instance:testng.Demo@4a22f9e2]" started-at="2022-10-11T10:45:02 IST" name="tc1" data-provider="getData" finished-at="2022-10-11T10:45:19 IST" duration-ms="16905" status="PASS">
          <params>
            <param index="0">
              <value>
                <![CDATA[admin]]>
              </value>
            </param>
            <param index="1">
              <value>
                <![CDATA[manager]]>
              </value>
            </param>
          </params>
          <reporter-output>
          </reporter-output>
        </test-method> <!-- tc1 -->
        <test-method signature="tc1(java.lang.String,java.lang.String)[pri:0, instance:testng.Demo@4a22f9e2]" started-at="2022-10-11T10:45:19 IST" name="tc1" data-provider="getData" finished-at="2022-10-11T10:45:37 IST" duration-ms="17916" status="PASS">
          <params>
            <param index="0">
              <value>
                <![CDATA[qaz123$%^^]]>
              </value>
            </param>
            <param index="1">
              <value>
                <![CDATA[2354FDF@#Z#$]]>
              </value>
            </param>
          </params>
          <reporter-output>
          </reporter-output>
        </test-method> <!-- tc1 -->
      </class> <!-- testng.Demo -->
    </test> <!-- Default test -->
  </suite> <!-- Default suite -->
</testng-results>
